2019-12-13 01:11:46<xml>
<ToUserName><![CDATA[gh_b378b57ebf47]]></ToUserName>
<FromUserName><![CDATA[ovHOOsxKv9-GPxf3s9yRhQ6zIvco]]></FromUserName>
<CreateTime>1576147572</CreateTime>
<MsgType><![CDATA[event]]></MsgType>
<Event><![CDATA[subscribe]]></Event>
<EventKey><![CDATA[]]></EventKey>
</xml>
2019-12-13 01:11:46<xml>
<ToUserName><![CDATA[gh_b378b57ebf47]]></ToUserName>
<FromUserName><![CDATA[ovHOOsxKv9-GPxf3s9yRhQ6zIvco]]></FromUserName>
<CreateTime>1576147572</CreateTime>
<MsgType><![CDATA[event]]></MsgType>
<Event><![CDATA[subscribe]]></Event>
<EventKey><![CDATA[]]></EventKey>
</xml>
2019-12-13 01:51:02<xml>
<ToUserName><![CDATA[gh_b378b57ebf47]]></ToUserName>
<FromUserName><![CDATA[ovHOOsxKv9-GPxf3s9yRhQ6zIvco]]></FromUserName>
<CreateTime>1576147572</CreateTime>
<MsgType><![CDATA[event]]></MsgType>
<Event><![CDATA[subscribe]]></Event>
<EventKey><![CDATA[]]></EventKey>
</xml>
2019-12-13 01:51:02<xml>
<ToUserName><![CDATA[gh_b378b57ebf47]]></ToUserName>
<FromUserName><![CDATA[ovHOOsxKv9-GPxf3s9yRhQ6zIvco]]></FromUserName>
<CreateTime>1576147572</CreateTime>
<MsgType><![CDATA[event]]></MsgType>
<Event><![CDATA[subscribe]]></Event>
<EventKey><![CDATA[]]></EventKey>
</xml>
2019-12-13 01:53:19<xml>
<ToUserName><![CDATA[gh_b378b57ebf47]]></ToUserName>
<FromUserName><![CDATA[ovHOOsxKv9-GPxf3s9yRhQ6zIvco]]></FromUserName>
<CreateTime>1576201968</CreateTime>
<MsgType><![CDATA[event]]></MsgType>
<Event><![CDATA[subscribe]]></Event>
<EventKey><![CDATA[]]></EventKey>
</xml>

2019-12-13 01:53:19<xml>
<ToUserName><![CDATA[gh_b378b57ebf47]]></ToUserName>
<FromUserName><![CDATA[ovHOOsxKv9-GPxf3s9yRhQ6zIvco]]></FromUserName>
<CreateTime>1576201968</CreateTime>
<MsgType><![CDATA[event]]></MsgType>
<Event><![CDATA[subscribe]]></Event>
<EventKey><![CDATA[]]></EventKey>
</xml>

2019-12-13 01:53:45<xml>
<ToUserName><![CDATA[gh_b378b57ebf47]]></ToUserName>
<FromUserName><![CDATA[ovHOOsxKv9-GPxf3s9yRhQ6zIvco]]></FromUserName>
<CreateTime>1576201968</CreateTime>
<MsgType><![CDATA[event]]></MsgType>
<Event><![CDATA[subscribe]]></Event>
<EventKey><![CDATA[]]></EventKey>
</xml>

2019-12-13 01:53:45<xml>
<ToUserName><![CDATA[gh_b378b57ebf47]]></ToUserName>
<FromUserName><![CDATA[ovHOOsxKv9-GPxf3s9yRhQ6zIvco]]></FromUserName>
<CreateTime>1576201968</CreateTime>
<MsgType><![CDATA[event]]></MsgType>
<Event><![CDATA[subscribe]]></Event>
<EventKey><![CDATA[]]></EventKey>
</xml>

2019-12-13 01:53:57<xml>
<ToUserName><![CDATA[gh_b378b57ebf47]]></ToUserName>
<FromUserName><![CDATA[ovHOOsxKv9-GPxf3s9yRhQ6zIvco]]></FromUserName>
<CreateTime>1576201968</CreateTime>
<MsgType><![CDATA[event]]></MsgType>
<Event><![CDATA[subscribe]]></Event>
<EventKey><![CDATA[]]></EventKey>
</xml>

2019-12-13 01:53:57<xml>
<ToUserName><![CDATA[gh_b378b57ebf47]]></ToUserName>
<FromUserName><![CDATA[ovHOOsxKv9-GPxf3s9yRhQ6zIvco]]></FromUserName>
<CreateTime>1576201968</CreateTime>
<MsgType><![CDATA[event]]></MsgType>
<Event><![CDATA[subscribe]]></Event>
<EventKey><![CDATA[]]></EventKey>
</xml>

2019-12-13 01:54:26<xml>
<ToUserName><![CDATA[gh_b378b57ebf47]]></ToUserName>
<FromUserName><![CDATA[ovHOOsxKv9-GPxf3s9yRhQ6zIvco]]></FromUserName>
<CreateTime>1576201968</CreateTime>
<MsgType><![CDATA[event]]></MsgType>
<Event><![CDATA[subscribe]]></Event>
<EventKey><![CDATA[]]></EventKey>
</xml>

2019-12-13 01:54:26<xml>
<ToUserName><![CDATA[gh_b378b57ebf47]]></ToUserName>
<FromUserName><![CDATA[ovHOOsxKv9-GPxf3s9yRhQ6zIvco]]></FromUserName>
<CreateTime>1576201968</CreateTime>
<MsgType><![CDATA[event]]></MsgType>
<Event><![CDATA[subscribe]]></Event>
<EventKey><![CDATA[]]></EventKey>
</xml>

2019-12-13 01:55:28<xml>
<ToUserName><![CDATA[gh_b378b57ebf47]]></ToUserName>
<FromUserName><![CDATA[ovHOOsxKv9-GPxf3s9yRhQ6zIvco]]></FromUserName>
<CreateTime>1576201968</CreateTime>
<MsgType><![CDATA[event]]></MsgType>
<Event><![CDATA[subscribe]]></Event>
<EventKey><![CDATA[]]></EventKey>
</xml>

2019-12-13 01:55:28<xml>
<ToUserName><![CDATA[gh_b378b57ebf47]]></ToUserName>
<FromUserName><![CDATA[ovHOOsxKv9-GPxf3s9yRhQ6zIvco]]></FromUserName>
<CreateTime>1576201968</CreateTime>
<MsgType><![CDATA[event]]></MsgType>
<Event><![CDATA[subscribe]]></Event>
<EventKey><![CDATA[]]></EventKey>
</xml>

2019-12-13 01:55:46<xml>
<ToUserName><![CDATA[gh_b378b57ebf47]]></ToUserName>
<FromUserName><![CDATA[ovHOOsxKv9-GPxf3s9yRhQ6zIvco]]></FromUserName>
<CreateTime>1576201968</CreateTime>
<MsgType><![CDATA[event]]></MsgType>
<Event><![CDATA[subscribe]]></Event>
<EventKey><![CDATA[]]></EventKey>
</xml>

2019-12-13 01:55:46<xml>
<ToUserName><![CDATA[gh_b378b57ebf47]]></ToUserName>
<FromUserName><![CDATA[ovHOOsxKv9-GPxf3s9yRhQ6zIvco]]></FromUserName>
<CreateTime>1576201968</CreateTime>
<MsgType><![CDATA[event]]></MsgType>
<Event><![CDATA[subscribe]]></Event>
<EventKey><![CDATA[]]></EventKey>
</xml>

2019-12-13 01:56:54<xml>
<ToUserName><![CDATA[gh_b378b57ebf47]]></ToUserName>
<FromUserName><![CDATA[ovHOOsxKv9-GPxf3s9yRhQ6zIvco]]></FromUserName>
<CreateTime>1576201968</CreateTime>
<MsgType><![CDATA[event]]></MsgType>
<Event><![CDATA[subscribe]]></Event>
<EventKey><![CDATA[]]></EventKey>
</xml>

2019-12-13 01:56:54<xml>
<ToUserName><![CDATA[gh_b378b57ebf47]]></ToUserName>
<FromUserName><![CDATA[ovHOOsxKv9-GPxf3s9yRhQ6zIvco]]></FromUserName>
<CreateTime>1576201968</CreateTime>
<MsgType><![CDATA[event]]></MsgType>
<Event><![CDATA[subscribe]]></Event>
<EventKey><![CDATA[]]></EventKey>
</xml>

2019-12-13 01:58:08<xml>
<ToUserName><![CDATA[gh_b378b57ebf47]]></ToUserName>
<FromUserName><![CDATA[ovHOOsxKv9-GPxf3s9yRhQ6zIvco]]></FromUserName>
<CreateTime>1576201968</CreateTime>
<MsgType><![CDATA[event]]></MsgType>
<Event><![CDATA[subscribe]]></Event>
<EventKey><![CDATA[]]></EventKey>
</xml>

2019-12-13 01:58:08<xml>
<ToUserName><![CDATA[gh_b378b57ebf47]]></ToUserName>
<FromUserName><![CDATA[ovHOOsxKv9-GPxf3s9yRhQ6zIvco]]></FromUserName>
<CreateTime>1576201968</CreateTime>
<MsgType><![CDATA[event]]></MsgType>
<Event><![CDATA[subscribe]]></Event>
<EventKey><![CDATA[]]></EventKey>
</xml>

2019-12-13 01:58:29<xml>
<ToUserName><![CDATA[gh_b378b57ebf47]]></ToUserName>
<FromUserName><![CDATA[ovHOOsxKv9-GPxf3s9yRhQ6zIvco]]></FromUserName>
<CreateTime>1576201968</CreateTime>
<MsgType><![CDATA[event]]></MsgType>
<Event><![CDATA[subscribe]]></Event>
<EventKey><![CDATA[]]></EventKey>
</xml>

2019-12-13 01:58:29<xml>
<ToUserName><![CDATA[gh_b378b57ebf47]]></ToUserName>
<FromUserName><![CDATA[ovHOOsxKv9-GPxf3s9yRhQ6zIvco]]></FromUserName>
<CreateTime>1576201968</CreateTime>
<MsgType><![CDATA[event]]></MsgType>
<Event><![CDATA[subscribe]]></Event>
<EventKey><![CDATA[]]></EventKey>
</xml>

2019-12-13 01:58:57<xml>
<ToUserName><![CDATA[gh_b378b57ebf47]]></ToUserName>
<FromUserName><![CDATA[ovHOOsxKv9-GPxf3s9yRhQ6zIvco]]></FromUserName>
<CreateTime>1576201968</CreateTime>
<MsgType><![CDATA[event]]></MsgType>
<Event><![CDATA[subscribe]]></Event>
<EventKey><![CDATA[]]></EventKey>
</xml>

2019-12-13 01:58:57<xml>
<ToUserName><![CDATA[gh_b378b57ebf47]]></ToUserName>
<FromUserName><![CDATA[ovHOOsxKv9-GPxf3s9yRhQ6zIvco]]></FromUserName>
<CreateTime>1576201968</CreateTime>
<MsgType><![CDATA[event]]></MsgType>
<Event><![CDATA[subscribe]]></Event>
<EventKey><![CDATA[]]></EventKey>
</xml>

2019-12-13 02:00:26<xml>
<ToUserName><![CDATA[gh_b378b57ebf47]]></ToUserName>
<FromUserName><![CDATA[ovHOOsxKv9-GPxf3s9yRhQ6zIvco]]></FromUserName>
<CreateTime>1576201968</CreateTime>
<MsgType><![CDATA[event]]></MsgType>
<Event><![CDATA[subscribe]]></Event>
<EventKey><![CDATA[]]></EventKey>
</xml>

2019-12-13 02:00:26<xml>
<ToUserName><![CDATA[gh_b378b57ebf47]]></ToUserName>
<FromUserName><![CDATA[ovHOOsxKv9-GPxf3s9yRhQ6zIvco]]></FromUserName>
<CreateTime>1576201968</CreateTime>
<MsgType><![CDATA[event]]></MsgType>
<Event><![CDATA[subscribe]]></Event>
<EventKey><![CDATA[]]></EventKey>
</xml>

2019-12-13 02:01:15<xml>
<ToUserName><![CDATA[gh_b378b57ebf47]]></ToUserName>
<FromUserName><![CDATA[ovHOOsxKv9-GPxf3s9yRhQ6zIvco]]></FromUserName>
<CreateTime>1576201968</CreateTime>
<MsgType><![CDATA[event]]></MsgType>
<Event><![CDATA[subscribe]]></Event>
<EventKey><![CDATA[]]></EventKey>
</xml>

2019-12-13 02:01:15<xml>
<ToUserName><![CDATA[gh_b378b57ebf47]]></ToUserName>
<FromUserName><![CDATA[ovHOOsxKv9-GPxf3s9yRhQ6zIvco]]></FromUserName>
<CreateTime>1576201968</CreateTime>
<MsgType><![CDATA[event]]></MsgType>
<Event><![CDATA[subscribe]]></Event>
<EventKey><![CDATA[]]></EventKey>
</xml>

2019-12-13 02:04:12<xml>
<ToUserName><![CDATA[gh_b378b57ebf47]]></ToUserName>
<FromUserName><![CDATA[ovHOOsxKv9-GPxf3s9yRhQ6zIvco]]></FromUserName>
<CreateTime>1576201968</CreateTime>
<MsgType><![CDATA[event]]></MsgType>
<Event><![CDATA[subscribe]]></Event>
<EventKey><![CDATA[]]></EventKey>
</xml>

2019-12-13 02:04:12<xml>
<ToUserName><![CDATA[gh_b378b57ebf47]]></ToUserName>
<FromUserName><![CDATA[ovHOOsxKv9-GPxf3s9yRhQ6zIvco]]></FromUserName>
<CreateTime>1576201968</CreateTime>
<MsgType><![CDATA[event]]></MsgType>
<Event><![CDATA[subscribe]]></Event>
<EventKey><![CDATA[]]></EventKey>
</xml>

2019-12-13 02:25:06<xml>
<ToUserName><![CDATA[gh_b378b57ebf47]]></ToUserName>
<FromUserName><![CDATA[ovHOOsxKv9-GPxf3s9yRhQ6zIvco]]></FromUserName>
<CreateTime>1576201968</CreateTime>
<MsgType><![CDATA[event]]></MsgType>
<Event><![CDATA[subscribe]]></Event>
<EventKey><![CDATA[]]></EventKey>
</xml>

2019-12-13 02:25:06<xml>
<ToUserName><![CDATA[gh_b378b57ebf47]]></ToUserName>
<FromUserName><![CDATA[ovHOOsxKv9-GPxf3s9yRhQ6zIvco]]></FromUserName>
<CreateTime>1576201968</CreateTime>
<MsgType><![CDATA[event]]></MsgType>
<Event><![CDATA[subscribe]]></Event>
<EventKey><![CDATA[]]></EventKey>
</xml>

2019-12-13 07:51:23<xml>
<ToUserName><![CDATA[gh_b378b57ebf47]]></ToUserName>
<FromUserName><![CDATA[ovHOOsxKv9-GPxf3s9yRhQ6zIvco]]></FromUserName>
<CreateTime>1576201968</CreateTime>
<MsgType><![CDATA[event]]></MsgType>
<Event><![CDATA[subscribe]]></Event>
<EventKey><![CDATA[]]></EventKey>
</xml>

2019-12-13 07:51:23<xml>
<ToUserName><![CDATA[gh_b378b57ebf47]]></ToUserName>
<FromUserName><![CDATA[ovHOOsxKv9-GPxf3s9yRhQ6zIvco]]></FromUserName>
<CreateTime>1576201968</CreateTime>
<MsgType><![CDATA[event]]></MsgType>
<Event><![CDATA[subscribe]]></Event>
<EventKey><![CDATA[]]></EventKey>
</xml>

2019-12-13 07:53:07<xml>
<ToUserName><![CDATA[gh_b378b57ebf47]]></ToUserName>
<FromUserName><![CDATA[ovHOOsxKv9-GPxf3s9yRhQ6zIvco]]></FromUserName>
<CreateTime>1576201968</CreateTime>
<MsgType><![CDATA[event]]></MsgType>
<Event><![CDATA[subscribe]]></Event>
<EventKey><![CDATA[]]></EventKey>
</xml>

2019-12-13 07:53:07<xml>
<ToUserName><![CDATA[gh_b378b57ebf47]]></ToUserName>
<FromUserName><![CDATA[ovHOOsxKv9-GPxf3s9yRhQ6zIvco]]></FromUserName>
<CreateTime>1576201968</CreateTime>
<MsgType><![CDATA[event]]></MsgType>
<Event><![CDATA[subscribe]]></Event>
<EventKey><![CDATA[]]></EventKey>
</xml>

2019-12-13 07:53:33<xml>
<ToUserName><![CDATA[gh_b378b57ebf47]]></ToUserName>
<FromUserName><![CDATA[ovHOOsxKv9-GPxf3s9yRhQ6zIvco]]></FromUserName>
<CreateTime>1576201968</CreateTime>
<MsgType><![CDATA[event]]></MsgType>
<Event><![CDATA[subscribe]]></Event>
<EventKey><![CDATA[]]></EventKey>
</xml>

2019-12-13 07:53:33<xml>
<ToUserName><![CDATA[gh_b378b57ebf47]]></ToUserName>
<FromUserName><![CDATA[ovHOOsxKv9-GPxf3s9yRhQ6zIvco]]></FromUserName>
<CreateTime>1576201968</CreateTime>
<MsgType><![CDATA[event]]></MsgType>
<Event><![CDATA[subscribe]]></Event>
<EventKey><![CDATA[]]></EventKey>
</xml>

2019-12-13 07:54:14<xml>
<ToUserName><![CDATA[gh_b378b57ebf47]]></ToUserName>
<FromUserName><![CDATA[ovHOOsxKv9-GPxf3s9yRhQ6zIvco]]></FromUserName>
<CreateTime>1576201968</CreateTime>
<MsgType><![CDATA[event]]></MsgType>
<Event><![CDATA[subscribe]]></Event>
<EventKey><![CDATA[]]></EventKey>
</xml>

2019-12-13 07:54:14<xml>
<ToUserName><![CDATA[gh_b378b57ebf47]]></ToUserName>
<FromUserName><![CDATA[ovHOOsxKv9-GPxf3s9yRhQ6zIvco]]></FromUserName>
<CreateTime>1576201968</CreateTime>
<MsgType><![CDATA[event]]></MsgType>
<Event><![CDATA[subscribe]]></Event>
<EventKey><![CDATA[]]></EventKey>
</xml>

2019-12-13 07:55:40<xml>
<ToUserName><![CDATA[gh_b378b57ebf47]]></ToUserName>
<FromUserName><![CDATA[ovHOOsxKv9-GPxf3s9yRhQ6zIvco]]></FromUserName>
<CreateTime>1576223690</CreateTime>
<MsgType><![CDATA[event]]></MsgType>
<Event><![CDATA[subscribe]]></Event>
<EventKey><![CDATA[]]></EventKey>
</xml>

2019-12-13 07:55:40<xml>
<ToUserName><![CDATA[gh_b378b57ebf47]]></ToUserName>
<FromUserName><![CDATA[ovHOOsxKv9-GPxf3s9yRhQ6zIvco]]></FromUserName>
<CreateTime>1576223690</CreateTime>
<MsgType><![CDATA[event]]></MsgType>
<Event><![CDATA[subscribe]]></Event>
<EventKey><![CDATA[]]></EventKey>
</xml>

2019-12-13 07:56:44<xml>
<ToUserName><![CDATA[gh_b378b57ebf47]]></ToUserName>
<FromUserName><![CDATA[ovHOOsxKv9-GPxf3s9yRhQ6zIvco]]></FromUserName>
<CreateTime>1576223690</CreateTime>
<MsgType><![CDATA[event]]></MsgType>
<Event><![CDATA[subscribe]]></Event>
<EventKey><![CDATA[]]></EventKey>
</xml>

2019-12-13 07:56:44<xml>
<ToUserName><![CDATA[gh_b378b57ebf47]]></ToUserName>
<FromUserName><![CDATA[ovHOOsxKv9-GPxf3s9yRhQ6zIvco]]></FromUserName>
<CreateTime>1576223690</CreateTime>
<MsgType><![CDATA[event]]></MsgType>
<Event><![CDATA[subscribe]]></Event>
<EventKey><![CDATA[]]></EventKey>
</xml>

2019-12-13 07:56:50<xml>
<ToUserName><![CDATA[gh_b378b57ebf47]]></ToUserName>
<FromUserName><![CDATA[ovHOOsxKv9-GPxf3s9yRhQ6zIvco]]></FromUserName>
<CreateTime>1576223690</CreateTime>
<MsgType><![CDATA[event]]></MsgType>
<Event><![CDATA[subscribe]]></Event>
<EventKey><![CDATA[]]></EventKey>
</xml>

2019-12-13 07:56:50<xml>
<ToUserName><![CDATA[gh_b378b57ebf47]]></ToUserName>
<FromUserName><![CDATA[ovHOOsxKv9-GPxf3s9yRhQ6zIvco]]></FromUserName>
<CreateTime>1576223690</CreateTime>
<MsgType><![CDATA[event]]></MsgType>
<Event><![CDATA[subscribe]]></Event>
<EventKey><![CDATA[]]></EventKey>
</xml>

2019-12-13 07:57:02<xml>
<ToUserName><![CDATA[gh_b378b57ebf47]]></ToUserName>
<FromUserName><![CDATA[ovHOOsxKv9-GPxf3s9yRhQ6zIvco]]></FromUserName>
<CreateTime>1576223690</CreateTime>
<MsgType><![CDATA[event]]></MsgType>
<Event><![CDATA[subscribe]]></Event>
<EventKey><![CDATA[]]></EventKey>
</xml>

2019-12-13 07:57:02<xml>
<ToUserName><![CDATA[gh_b378b57ebf47]]></ToUserName>
<FromUserName><![CDATA[ovHOOsxKv9-GPxf3s9yRhQ6zIvco]]></FromUserName>
<CreateTime>1576223690</CreateTime>
<MsgType><![CDATA[event]]></MsgType>
<Event><![CDATA[subscribe]]></Event>
<EventKey><![CDATA[]]></EventKey>
</xml>

2019-12-13 07:57:36<xml>
<ToUserName><![CDATA[gh_b378b57ebf47]]></ToUserName>
<FromUserName><![CDATA[ovHOOsxKv9-GPxf3s9yRhQ6zIvco]]></FromUserName>
<CreateTime>1576223690</CreateTime>
<MsgType><![CDATA[event]]></MsgType>
<Event><![CDATA[subscribe]]></Event>
<EventKey><![CDATA[]]></EventKey>
</xml>

2019-12-13 07:57:36<xml>
<ToUserName><![CDATA[gh_b378b57ebf47]]></ToUserName>
<FromUserName><![CDATA[ovHOOsxKv9-GPxf3s9yRhQ6zIvco]]></FromUserName>
<CreateTime>1576223690</CreateTime>
<MsgType><![CDATA[event]]></MsgType>
<Event><![CDATA[subscribe]]></Event>
<EventKey><![CDATA[]]></EventKey>
</xml>

2019-12-13 07:57:47<xml>
<ToUserName><![CDATA[gh_b378b57ebf47]]></ToUserName>
<FromUserName><![CDATA[ovHOOsxKv9-GPxf3s9yRhQ6zIvco]]></FromUserName>
<CreateTime>1576223690</CreateTime>
<MsgType><![CDATA[event]]></MsgType>
<Event><![CDATA[subscribe]]></Event>
<EventKey><![CDATA[]]></EventKey>
</xml>

2019-12-13 07:57:47<xml>
<ToUserName><![CDATA[gh_b378b57ebf47]]></ToUserName>
<FromUserName><![CDATA[ovHOOsxKv9-GPxf3s9yRhQ6zIvco]]></FromUserName>
<CreateTime>1576223690</CreateTime>
<MsgType><![CDATA[event]]></MsgType>
<Event><![CDATA[subscribe]]></Event>
<EventKey><![CDATA[]]></EventKey>
</xml>

2019-12-13 07:57:58<xml>
<ToUserName><![CDATA[gh_b378b57ebf47]]></ToUserName>
<FromUserName><![CDATA[ovHOOsxKv9-GPxf3s9yRhQ6zIvco]]></FromUserName>
<CreateTime>1576223690</CreateTime>
<MsgType><![CDATA[event]]></MsgType>
<Event><![CDATA[subscribe]]></Event>
<EventKey><![CDATA[]]></EventKey>
</xml>

2019-12-13 07:57:58<xml>
<ToUserName><![CDATA[gh_b378b57ebf47]]></ToUserName>
<FromUserName><![CDATA[ovHOOsxKv9-GPxf3s9yRhQ6zIvco]]></FromUserName>
<CreateTime>1576223690</CreateTime>
<MsgType><![CDATA[event]]></MsgType>
<Event><![CDATA[subscribe]]></Event>
<EventKey><![CDATA[]]></EventKey>
</xml>

2019-12-13 07:58:21<xml>
<ToUserName><![CDATA[gh_b378b57ebf47]]></ToUserName>
<FromUserName><![CDATA[ovHOOsxKv9-GPxf3s9yRhQ6zIvco]]></FromUserName>
<CreateTime>1576223690</CreateTime>
<MsgType><![CDATA[event]]></MsgType>
<Event><![CDATA[subscribe]]></Event>
<EventKey><![CDATA[]]></EventKey>
</xml>

2019-12-13 07:58:21<xml>
<ToUserName><![CDATA[gh_b378b57ebf47]]></ToUserName>
<FromUserName><![CDATA[ovHOOsxKv9-GPxf3s9yRhQ6zIvco]]></FromUserName>
<CreateTime>1576223690</CreateTime>
<MsgType><![CDATA[event]]></MsgType>
<Event><![CDATA[subscribe]]></Event>
<EventKey><![CDATA[]]></EventKey>
</xml>

2019-12-13 07:58:38<xml>
<ToUserName><![CDATA[gh_b378b57ebf47]]></ToUserName>
<FromUserName><![CDATA[ovHOOsxKv9-GPxf3s9yRhQ6zIvco]]></FromUserName>
<CreateTime>1576223690</CreateTime>
<MsgType><![CDATA[event]]></MsgType>
<Event><![CDATA[subscribe]]></Event>
<EventKey><![CDATA[]]></EventKey>
</xml>

2019-12-13 07:58:38<xml>
<ToUserName><![CDATA[gh_b378b57ebf47]]></ToUserName>
<FromUserName><![CDATA[ovHOOsxKv9-GPxf3s9yRhQ6zIvco]]></FromUserName>
<CreateTime>1576223690</CreateTime>
<MsgType><![CDATA[event]]></MsgType>
<Event><![CDATA[subscribe]]></Event>
<EventKey><![CDATA[]]></EventKey>
</xml>

2019-12-13 07:59:34<xml>
<ToUserName><![CDATA[gh_b378b57ebf47]]></ToUserName>
<FromUserName><![CDATA[ovHOOsxKv9-GPxf3s9yRhQ6zIvco]]></FromUserName>
<CreateTime>1576223690</CreateTime>
<MsgType><![CDATA[event]]></MsgType>
<Event><![CDATA[subscribe]]></Event>
<EventKey><![CDATA[]]></EventKey>
</xml>

2019-12-13 07:59:34<xml>
<ToUserName><![CDATA[gh_b378b57ebf47]]></ToUserName>
<FromUserName><![CDATA[ovHOOsxKv9-GPxf3s9yRhQ6zIvco]]></FromUserName>
<CreateTime>1576223690</CreateTime>
<MsgType><![CDATA[event]]></MsgType>
<Event><![CDATA[subscribe]]></Event>
<EventKey><![CDATA[]]></EventKey>
</xml>

2019-12-13 08:04:01<xml>
<ToUserName><![CDATA[gh_b378b57ebf47]]></ToUserName>
<FromUserName><![CDATA[ovHOOsxKv9-GPxf3s9yRhQ6zIvco]]></FromUserName>
<CreateTime>1576223690</CreateTime>
<MsgType><![CDATA[event]]></MsgType>
<Event><![CDATA[subscribe]]></Event>
<EventKey><![CDATA[]]></EventKey>
</xml>

2019-12-13 08:04:01<xml>
<ToUserName><![CDATA[gh_b378b57ebf47]]></ToUserName>
<FromUserName><![CDATA[ovHOOsxKv9-GPxf3s9yRhQ6zIvco]]></FromUserName>
<CreateTime>1576223690</CreateTime>
<MsgType><![CDATA[event]]></MsgType>
<Event><![CDATA[subscribe]]></Event>
<EventKey><![CDATA[]]></EventKey>
</xml>

2019-12-13 10:14:43<xml>
<ToUserName><![CDATA[gh_b378b57ebf47]]></ToUserName>
<FromUserName><![CDATA[ovHOOsxKv9-GPxf3s9yRhQ6zIvco]]></FromUserName>
<CreateTime>1576223690</CreateTime>
<MsgType><![CDATA[event]]></MsgType>
<Event><![CDATA[subscribe]]></Event>
<EventKey><![CDATA[]]></EventKey>
</xml>

2019-12-13 10:14:43<xml>
<ToUserName><![CDATA[gh_b378b57ebf47]]></ToUserName>
<FromUserName><![CDATA[ovHOOsxKv9-GPxf3s9yRhQ6zIvco]]></FromUserName>
<CreateTime>1576223690</CreateTime>
<MsgType><![CDATA[event]]></MsgType>
<Event><![CDATA[subscribe]]></Event>
<EventKey><![CDATA[]]></EventKey>
</xml>

2019-12-13 10:18:26<xml>
<ToUserName><![CDATA[gh_b378b57ebf47]]></ToUserName>
<FromUserName><![CDATA[ovHOOsxKv9-GPxf3s9yRhQ6zIvco]]></FromUserName>
<CreateTime>1576223690</CreateTime>
<MsgType><![CDATA[event]]></MsgType>
<Event><![CDATA[subscribe]]></Event>
<EventKey><![CDATA[]]></EventKey>
</xml>

2019-12-13 10:18:26<xml>
<ToUserName><![CDATA[gh_b378b57ebf47]]></ToUserName>
<FromUserName><![CDATA[ovHOOsxKv9-GPxf3s9yRhQ6zIvco]]></FromUserName>
<CreateTime>1576223690</CreateTime>
<MsgType><![CDATA[event]]></MsgType>
<Event><![CDATA[subscribe]]></Event>
<EventKey><![CDATA[]]></EventKey>
</xml>

2019-12-13 10:18:35<xml>
<ToUserName><![CDATA[gh_b378b57ebf47]]></ToUserName>
<FromUserName><![CDATA[ovHOOsxKv9-GPxf3s9yRhQ6zIvco]]></FromUserName>
<CreateTime>1576223690</CreateTime>
<MsgType><![CDATA[event]]></MsgType>
<Event><![CDATA[subscribe]]></Event>
<EventKey><![CDATA[]]></EventKey>
</xml>

2019-12-13 10:18:35<xml>
<ToUserName><![CDATA[gh_b378b57ebf47]]></ToUserName>
<FromUserName><![CDATA[ovHOOsxKv9-GPxf3s9yRhQ6zIvco]]></FromUserName>
<CreateTime>1576223690</CreateTime>
<MsgType><![CDATA[event]]></MsgType>
<Event><![CDATA[subscribe]]></Event>
<EventKey><![CDATA[]]></EventKey>
</xml>

2019-12-13 10:21:04<xml>
<ToUserName><![CDATA[gh_b378b57ebf47]]></ToUserName>
<FromUserName><![CDATA[ovHOOsxKv9-GPxf3s9yRhQ6zIvco]]></FromUserName>
<CreateTime>1576223690</CreateTime>
<MsgType><![CDATA[event]]></MsgType>
<Event><![CDATA[subscribe]]></Event>
<EventKey><![CDATA[]]></EventKey>
</xml>

2019-12-13 10:21:04<xml>
<ToUserName><![CDATA[gh_b378b57ebf47]]></ToUserName>
<FromUserName><![CDATA[ovHOOsxKv9-GPxf3s9yRhQ6zIvco]]></FromUserName>
<CreateTime>1576223690</CreateTime>
<MsgType><![CDATA[event]]></MsgType>
<Event><![CDATA[subscribe]]></Event>
<EventKey><![CDATA[]]></EventKey>
</xml>

2019-12-13 10:24:25<xml>
<ToUserName><![CDATA[gh_b378b57ebf47]]></ToUserName>
<FromUserName><![CDATA[ovHOOsxKv9-GPxf3s9yRhQ6zIvco]]></FromUserName>
<CreateTime>1576223690</CreateTime>
<MsgType><![CDATA[event]]></MsgType>
<Event><![CDATA[subscribe]]></Event>
<EventKey><![CDATA[]]></EventKey>
</xml>

2019-12-13 10:24:25<xml>
<ToUserName><![CDATA[gh_b378b57ebf47]]></ToUserName>
<FromUserName><![CDATA[ovHOOsxKv9-GPxf3s9yRhQ6zIvco]]></FromUserName>
<CreateTime>1576223690</CreateTime>
<MsgType><![CDATA[event]]></MsgType>
<Event><![CDATA[subscribe]]></Event>
<EventKey><![CDATA[]]></EventKey>
</xml>

2019-12-13 10:25:31<xml>
<ToUserName><![CDATA[gh_b378b57ebf47]]></ToUserName>
<FromUserName><![CDATA[ovHOOsxKv9-GPxf3s9yRhQ6zIvco]]></FromUserName>
<CreateTime>1576223690</CreateTime>
<MsgType><![CDATA[event]]></MsgType>
<Event><![CDATA[subscribe]]></Event>
<EventKey><![CDATA[]]></EventKey>
</xml>

2019-12-13 10:25:31<xml>
<ToUserName><![CDATA[gh_b378b57ebf47]]></ToUserName>
<FromUserName><![CDATA[ovHOOsxKv9-GPxf3s9yRhQ6zIvco]]></FromUserName>
<CreateTime>1576223690</CreateTime>
<MsgType><![CDATA[event]]></MsgType>
<Event><![CDATA[subscribe]]></Event>
<EventKey><![CDATA[]]></EventKey>
</xml>

2019-12-13 10:25:49<xml>
<ToUserName><![CDATA[gh_b378b57ebf47]]></ToUserName>
<FromUserName><![CDATA[ovHOOsxKv9-GPxf3s9yRhQ6zIvco]]></FromUserName>
<CreateTime>1576223690</CreateTime>
<MsgType><![CDATA[event]]></MsgType>
<Event><![CDATA[subscribe]]></Event>
<EventKey><![CDATA[]]></EventKey>
</xml>

2019-12-13 10:25:49<xml>
<ToUserName><![CDATA[gh_b378b57ebf47]]></ToUserName>
<FromUserName><![CDATA[ovHOOsxKv9-GPxf3s9yRhQ6zIvco]]></FromUserName>
<CreateTime>1576223690</CreateTime>
<MsgType><![CDATA[event]]></MsgType>
<Event><![CDATA[subscribe]]></Event>
<EventKey><![CDATA[]]></EventKey>
</xml>

2019-12-13 10:26:22<xml>
<ToUserName><![CDATA[gh_b378b57ebf47]]></ToUserName>
<FromUserName><![CDATA[ovHOOsxKv9-GPxf3s9yRhQ6zIvco]]></FromUserName>
<CreateTime>1576223690</CreateTime>
<MsgType><![CDATA[event]]></MsgType>
<Event><![CDATA[subscribe]]></Event>
<EventKey><![CDATA[]]></EventKey>
</xml>

2019-12-13 10:26:22<xml>
<ToUserName><![CDATA[gh_b378b57ebf47]]></ToUserName>
<FromUserName><![CDATA[ovHOOsxKv9-GPxf3s9yRhQ6zIvco]]></FromUserName>
<CreateTime>1576223690</CreateTime>
<MsgType><![CDATA[event]]></MsgType>
<Event><![CDATA[subscribe]]></Event>
<EventKey><![CDATA[]]></EventKey>
</xml>

2019-12-13 10:29:07<xml>
<ToUserName><![CDATA[gh_b378b57ebf47]]></ToUserName>
<FromUserName><![CDATA[ovHOOsxKv9-GPxf3s9yRhQ6zIvco]]></FromUserName>
<CreateTime>1576223690</CreateTime>
<MsgType><![CDATA[event]]></MsgType>
<Event><![CDATA[subscribe]]></Event>
<EventKey><![CDATA[]]></EventKey>
</xml>

2019-12-13 10:29:07<xml>
<ToUserName><![CDATA[gh_b378b57ebf47]]></ToUserName>
<FromUserName><![CDATA[ovHOOsxKv9-GPxf3s9yRhQ6zIvco]]></FromUserName>
<CreateTime>1576223690</CreateTime>
<MsgType><![CDATA[event]]></MsgType>
<Event><![CDATA[subscribe]]></Event>
<EventKey><![CDATA[]]></EventKey>
</xml>

2019-12-13 10:30:50<xml>
<ToUserName><![CDATA[gh_b378b57ebf47]]></ToUserName>
<FromUserName><![CDATA[ovHOOsxKv9-GPxf3s9yRhQ6zIvco]]></FromUserName>
<CreateTime>1576223690</CreateTime>
<MsgType><![CDATA[event]]></MsgType>
<Event><![CDATA[subscribe]]></Event>
<EventKey><![CDATA[]]></EventKey>
</xml>

2019-12-13 10:30:50<xml>
<ToUserName><![CDATA[gh_b378b57ebf47]]></ToUserName>
<FromUserName><![CDATA[ovHOOsxKv9-GPxf3s9yRhQ6zIvco]]></FromUserName>
<CreateTime>1576223690</CreateTime>
<MsgType><![CDATA[event]]></MsgType>
<Event><![CDATA[subscribe]]></Event>
<EventKey><![CDATA[]]></EventKey>
</xml>

2019-12-13 10:39:41<xml>
<ToUserName><![CDATA[gh_b378b57ebf47]]></ToUserName>
<FromUserName><![CDATA[ovHOOsxKv9-GPxf3s9yRhQ6zIvco]]></FromUserName>
<CreateTime>1576223690</CreateTime>
<MsgType><![CDATA[event]]></MsgType>
<Event><![CDATA[subscribe]]></Event>
<EventKey><![CDATA[]]></EventKey>
</xml>

2019-12-13 10:39:41<xml>
<ToUserName><![CDATA[gh_b378b57ebf47]]></ToUserName>
<FromUserName><![CDATA[ovHOOsxKv9-GPxf3s9yRhQ6zIvco]]></FromUserName>
<CreateTime>1576223690</CreateTime>
<MsgType><![CDATA[event]]></MsgType>
<Event><![CDATA[subscribe]]></Event>
<EventKey><![CDATA[]]></EventKey>
</xml>

2019-12-13 10:42:54<xml>
<ToUserName><![CDATA[gh_b378b57ebf47]]></ToUserName>
<FromUserName><![CDATA[ovHOOsxKv9-GPxf3s9yRhQ6zIvco]]></FromUserName>
<CreateTime>1576223690</CreateTime>
<MsgType><![CDATA[event]]></MsgType>
<Event><![CDATA[subscribe]]></Event>
<EventKey><![CDATA[]]></EventKey>
</xml>

2019-12-13 10:42:54<xml>
<ToUserName><![CDATA[gh_b378b57ebf47]]></ToUserName>
<FromUserName><![CDATA[ovHOOsxKv9-GPxf3s9yRhQ6zIvco]]></FromUserName>
<CreateTime>1576223690</CreateTime>
<MsgType><![CDATA[event]]></MsgType>
<Event><![CDATA[subscribe]]></Event>
<EventKey><![CDATA[]]></EventKey>
</xml>

2019-12-13 10:43:12<xml>
<ToUserName><![CDATA[gh_b378b57ebf47]]></ToUserName>
<FromUserName><![CDATA[ovHOOsxKv9-GPxf3s9yRhQ6zIvco]]></FromUserName>
<CreateTime>1576223690</CreateTime>
<MsgType><![CDATA[event]]></MsgType>
<Event><![CDATA[subscribe]]></Event>
<EventKey><![CDATA[]]></EventKey>
</xml>

2019-12-13 10:43:12<xml>
<ToUserName><![CDATA[gh_b378b57ebf47]]></ToUserName>
<FromUserName><![CDATA[ovHOOsxKv9-GPxf3s9yRhQ6zIvco]]></FromUserName>
<CreateTime>1576223690</CreateTime>
<MsgType><![CDATA[event]]></MsgType>
<Event><![CDATA[subscribe]]></Event>
<EventKey><![CDATA[]]></EventKey>
</xml>

2019-12-13 10:43:50<xml>
<ToUserName><![CDATA[gh_b378b57ebf47]]></ToUserName>
<FromUserName><![CDATA[ovHOOsxKv9-GPxf3s9yRhQ6zIvco]]></FromUserName>
<CreateTime>1576223690</CreateTime>
<MsgType><![CDATA[event]]></MsgType>
<Event><![CDATA[subscribe]]></Event>
<EventKey><![CDATA[]]></EventKey>
</xml>

2019-12-13 10:43:50<xml>
<ToUserName><![CDATA[gh_b378b57ebf47]]></ToUserName>
<FromUserName><![CDATA[ovHOOsxKv9-GPxf3s9yRhQ6zIvco]]></FromUserName>
<CreateTime>1576223690</CreateTime>
<MsgType><![CDATA[event]]></MsgType>
<Event><![CDATA[subscribe]]></Event>
<EventKey><![CDATA[]]></EventKey>
</xml>

